app/build/intermediates/manifest_merge_blame_file/debug/manifest-merger-blame-debug-report.txt
1<?xml version="1.0" encoding="utf-8"?>
2<manifest xmlns:android="http://schemas.android.com/apk/res/android"
3    package="com.itds.sms.ping"
4    android:versionCode="6"
5    android:versionName="4" >
6
7    <uses-sdk
8        android:minSdkVersion="31"
8-->src/main/AndroidManifest.xml
9        android:targetSdkVersion="33" />
9-->src/main/AndroidManifest.xml
10
11    <uses-feature
11-->src/main/AndroidManifest.xml:5:5-78
12        android:glEsVersion="0x00020000"
12-->src/main/AndroidManifest.xml:5:19-51
13        android:required="true" />
13-->src/main/AndroidManifest.xml:5:52-75
14
15    <uses-permission android:name="android.permission.POST_NOTIFICATIONS" />
15-->src/main/AndroidManifest.xml:6:5-76
15-->src/main/AndroidManifest.xml:6:22-74
16    <uses-permission android:name="android.permission.READ_SMS" />
16-->src/main/AndroidManifest.xml:7:5-67
16-->src/main/AndroidManifest.xml:7:22-64
17    <uses-permission android:name="android.permission.RECEIVE_SMS" />
17-->src/main/AndroidManifest.xml:8:5-70
17-->src/main/AndroidManifest.xml:8:22-67
18    <uses-permission android:name="android.permission.SEND_SMS" />
18-->src/main/AndroidManifest.xml:9:5-67
18-->src/main/AndroidManifest.xml:9:22-64
19    <uses-permission android:name="android.permission.READ_PHONE_STATE" />
19-->src/main/AndroidManifest.xml:10:5-75
19-->src/main/AndroidManifest.xml:10:22-72
20
21    <permission
21-->[androidx.core:core:1.9.0] AndroidManifest.xml:22:5-24:47
22        android:name="com.itds.sms.ping.DYNAMIC_RECEIVER_NOT_EXPORTED_PERMISSION"
22-->[androidx.core:core:1.9.0] AndroidManifest.xml:23:9-81
23        android:protectionLevel="signature" />
23-->[androidx.core:core:1.9.0] AndroidManifest.xml:24:9-44
24
25    <uses-permission android:name="com.itds.sms.ping.DYNAMIC_RECEIVER_NOT_EXPORTED_PERMISSION" />
25-->[androidx.core:core:1.9.0] AndroidManifest.xml:26:5-97
25-->[androidx.core:core:1.9.0] AndroidManifest.xml:26:22-94
26
27    <application
27-->src/main/AndroidManifest.xml:12:5-49:19
28        android:allowBackup="false"
28-->src/main/AndroidManifest.xml:14:9-36
29        android:appComponentFactory="androidx.core.app.CoreComponentFactory"
29-->[androidx.core:core:1.9.0] AndroidManifest.xml:28:18-86
30        android:debuggable="true"
31        android:enableOnBackInvokedCallback="true"
31-->src/main/AndroidManifest.xml:13:9-51
32        android:extractNativeLibs="false"
33        android:fullBackupContent="false"
33-->src/main/AndroidManifest.xml:15:9-42
34        android:icon="@mipmap/ic_launcher"
34-->src/main/AndroidManifest.xml:16:9-43
35        android:label="@string/app_name"
35-->src/main/AndroidManifest.xml:17:9-41
36        android:supportsRtl="true"
36-->src/main/AndroidManifest.xml:18:9-35
37        android:testOnly="true"
38        android:theme="@style/AppTheme" >
38-->src/main/AndroidManifest.xml:19:9-40
39        <activity
39-->src/main/AndroidManifest.xml:20:9-28:20
40            android:name="com.itds.sms.ping.MainActivity"
40-->src/main/AndroidManifest.xml:20:19-47
41            android:exported="true" >
41-->src/main/AndroidManifest.xml:20:48-71
42            <intent-filter>
42-->src/main/AndroidManifest.xml:22:13-27:29
43                <action android:name="android.intent.action.MAIN" />
43-->src/main/AndroidManifest.xml:23:17-69
43-->src/main/AndroidManifest.xml:23:25-66
44                <action android:name="android.intent.action.VIEW" />
44-->src/main/AndroidManifest.xml:24:17-69
44-->src/main/AndroidManifest.xml:24:25-66
45
46                <category android:name="android.intent.category.LAUNCHER" />
46-->src/main/AndroidManifest.xml:26:17-77
46-->src/main/AndroidManifest.xml:26:27-74
47            </intent-filter>
48        </activity>
49        <activity
49-->src/main/AndroidManifest.xml:29:9-36:20
50            android:name="com.itds.sms.ping.StoreActivity"
50-->src/main/AndroidManifest.xml:30:13-42
51            android:parentActivityName="com.itds.sms.ping.MainActivity" >
51-->src/main/AndroidManifest.xml:31:13-55
52            <meta-data
52-->src/main/AndroidManifest.xml:33:13-35:49
53                android:name="android.support.PARENT_ACTIVITY"
53-->src/main/AndroidManifest.xml:34:17-63
54                android:value=".MainActivity" />
54-->src/main/AndroidManifest.xml:35:17-46
55        </activity>
56
57        <receiver
57-->src/main/AndroidManifest.xml:38:9-48:20
58            android:name="com.itds.sms.ping.PingSmsReceiver"
58-->src/main/AndroidManifest.xml:39:13-44
59            android:enabled="true"
59-->src/main/AndroidManifest.xml:40:13-35
60            android:exported="true" >
60-->src/main/AndroidManifest.xml:41:13-36
61            <intent-filter android:priority="10" >
61-->src/main/AndroidManifest.xml:42:13-47:29
61-->src/main/AndroidManifest.xml:42:28-49
62                <action android:name="android.intent.action.DATA_SMS_RECEIVED" />
62-->src/main/AndroidManifest.xml:43:17-82
62-->src/main/AndroidManifest.xml:43:25-79
63
64                <data
64-->src/main/AndroidManifest.xml:44:17-46:44
65                    android:host="*"
65-->src/main/AndroidManifest.xml:45:21-37
66                    android:scheme="sms" />
66-->src/main/AndroidManifest.xml:46:21-41
67            </intent-filter>
68        </receiver>
69
70        <provider
70-->[androidx.emoji2:emoji2:1.2.0] AndroidManifest.xml:24:9-32:20
71            android:name="androidx.startup.InitializationProvider"
71-->[androidx.emoji2:emoji2:1.2.0] AndroidManifest.xml:25:13-67
72            android:authorities="com.itds.sms.ping.androidx-startup"
72-->[androidx.emoji2:emoji2:1.2.0] AndroidManifest.xml:26:13-68
73            android:exported="false" >
73-->[androidx.emoji2:emoji2:1.2.0] AndroidManifest.xml:27:13-37
74            <meta-data
74-->[androidx.emoji2:emoji2:1.2.0] AndroidManifest.xml:29:13-31:52
75                android:name="androidx.emoji2.text.EmojiCompatInitializer"
75-->[androidx.emoji2:emoji2:1.2.0] AndroidManifest.xml:30:17-75
76                android:value="androidx.startup" />
76-->[androidx.emoji2:emoji2:1.2.0] AndroidManifest.xml:31:17-49
77            <meta-data
77-->[androidx.lifecycle:lifecycle-process:2.4.1] AndroidManifest.xml:31:13-33:52
78                android:name="androidx.lifecycle.ProcessLifecycleInitializer"
78-->[androidx.lifecycle:lifecycle-process:2.4.1] AndroidManifest.xml:32:17-78
79                android:value="androidx.startup" />
79-->[androidx.lifecycle:lifecycle-process:2.4.1] AndroidManifest.xml:33:17-49
80        </provider>
81    </application>
82
83</manifest>